[12/Apr/2020 07:33:14] ERROR [django.request:228] Internal Server Error: /admin/donate/donation/
Traceback (most recent call last):
  File "/Users/jishin/Documents/Project/BetoajRecipe/venv/lib/python3.7/site-packages/django/db/models/options.py", line 581, in get_field
    return self.fields_map[field_name]
KeyError: '__str__'

During handling of the above exception, another exception occurred:

Traceback (most recent call last):
  File "/Users/jishin/Documents/Project/BetoajRecipe/venv/lib/python3.7/site-packages/django/contrib/admin/utils.py", line 262, in lookup_field
    f = _get_non_gfk_field(opts, name)
  File "/Users/jishin/Documents/Project/BetoajRecipe/venv/lib/python3.7/site-packages/django/contrib/admin/utils.py", line 293, in _get_non_gfk_field
    field = opts.get_field(name)
  File "/Users/jishin/Documents/Project/BetoajRecipe/venv/lib/python3.7/site-packages/django/db/models/options.py", line 583, in get_field
    raise FieldDoesNotExist("%s has no field named '%s'" % (self.object_name, field_name))
django.core.exceptions.FieldDoesNotExist: Donation has no field named '__str__'

During handling of the above exception, another exception occurred:

Traceback (most recent call last):
  File "/Users/jishin/Documents/Project/BetoajRecipe/venv/lib/python3.7/site-packages/django/core/handlers/exception.py", line 34, in inner
    response = get_response(request)
  File "/Users/jishin/Documents/Project/BetoajRecipe/venv/lib/python3.7/site-packages/django/core/handlers/base.py", line 145, in _get_response
    response = self.process_exception_by_middleware(e, request)
  File "/Users/jishin/Documents/Project/BetoajRecipe/venv/lib/python3.7/site-packages/django/core/handlers/base.py", line 143, in _get_response
    response = response.render()
  File "/Users/jishin/Documents/Project/BetoajRecipe/venv/lib/python3.7/site-packages/django/template/response.py", line 105, in render
    self.content = self.rendered_content
  File "/Users/jishin/Documents/Project/BetoajRecipe/venv/lib/python3.7/site-packages/django/template/response.py", line 83, in rendered_content
    return template.render(context, self._request)
  File "/Users/jishin/Documents/Project/BetoajRecipe/venv/lib/python3.7/site-packages/django/template/backends/django.py", line 61, in render
    return self.template.render(context)
  File "/Users/jishin/Documents/Project/BetoajRecipe/venv/lib/python3.7/site-packages/django/template/base.py", line 171, in render
    return self._render(context)
  File "/Users/jishin/Documents/Project/BetoajRecipe/venv/lib/python3.7/site-packages/django/test/utils.py", line 95, in instrumented_test_render
    return self.nodelist.render(context)
  File "/Users/jishin/Documents/Project/BetoajRecipe/venv/lib/python3.7/site-packages/django/template/base.py", line 936, in render
    bit = node.render_annotated(context)
  File "/Users/jishin/Documents/Project/BetoajRecipe/venv/lib/python3.7/site-packages/django/template/base.py", line 903, in render_annotated
    return self.render(context)
  File "/Users/jishin/Documents/Project/BetoajRecipe/venv/lib/python3.7/site-packages/django/template/loader_tags.py", line 150, in render
    return compiled_parent._render(context)
  File "/Users/jishin/Documents/Project/BetoajRecipe/venv/lib/python3.7/site-packages/django/test/utils.py", line 95, in instrumented_test_render
    return self.nodelist.render(context)
  File "/Users/jishin/Documents/Project/BetoajRecipe/venv/lib/python3.7/site-packages/django/template/base.py", line 936, in render
    bit = node.render_annotated(context)
  File "/Users/jishin/Documents/Project/BetoajRecipe/venv/lib/python3.7/site-packages/django/template/base.py", line 903, in render_annotated
    return self.render(context)
  File "/Users/jishin/Documents/Project/BetoajRecipe/venv/lib/python3.7/site-packages/django/template/loader_tags.py", line 150, in render
    return compiled_parent._render(context)
  File "/Users/jishin/Documents/Project/BetoajRecipe/venv/lib/python3.7/site-packages/django/test/utils.py", line 95, in instrumented_test_render
    return self.nodelist.render(context)
  File "/Users/jishin/Documents/Project/BetoajRecipe/venv/lib/python3.7/site-packages/django/template/base.py", line 936, in render
    bit = node.render_annotated(context)
  File "/Users/jishin/Documents/Project/BetoajRecipe/venv/lib/python3.7/site-packages/django/template/base.py", line 903, in render_annotated
    return self.render(context)
  File "/Users/jishin/Documents/Project/BetoajRecipe/venv/lib/python3.7/site-packages/django/template/loader_tags.py", line 62, in render
    result = block.nodelist.render(context)
  File "/Users/jishin/Documents/Project/BetoajRecipe/venv/lib/python3.7/site-packages/django/template/base.py", line 936, in render
    bit = node.render_annotated(context)
  File "/Users/jishin/Documents/Project/BetoajRecipe/venv/lib/python3.7/site-packages/django/template/base.py", line 903, in render_annotated
    return self.render(context)
  File "/Users/jishin/Documents/Project/BetoajRecipe/venv/lib/python3.7/site-packages/django/template/loader_tags.py", line 62, in render
    result = block.nodelist.render(context)
  File "/Users/jishin/Documents/Project/BetoajRecipe/venv/lib/python3.7/site-packages/django/template/base.py", line 936, in render
    bit = node.render_annotated(context)
  File "/Users/jishin/Documents/Project/BetoajRecipe/venv/lib/python3.7/site-packages/django/template/base.py", line 903, in render_annotated
    return self.render(context)
  File "/Users/jishin/Documents/Project/BetoajRecipe/venv/lib/python3.7/site-packages/django/contrib/admin/templatetags/base.py", line 33, in render
    return super().render(context)
  File "/Users/jishin/Documents/Project/BetoajRecipe/venv/lib/python3.7/site-packages/django/template/library.py", line 214, in render
    _dict = self.func(*resolved_args, **resolved_kwargs)
  File "/Users/jishin/Documents/Project/BetoajRecipe/venv/lib/python3.7/site-packages/django/contrib/admin/templatetags/admin_list.py", line 342, in result_list
    'results': list(results(cl)),
  File "/Users/jishin/Documents/Project/BetoajRecipe/venv/lib/python3.7/site-packages/django/contrib/admin/templatetags/admin_list.py", line 318, in results
    yield ResultList(None, items_for_result(cl, res, None))
  File "/Users/jishin/Documents/Project/BetoajRecipe/venv/lib/python3.7/site-packages/django/contrib/admin/templatetags/admin_list.py", line 309, in __init__
    super().__init__(*items)
  File "/Users/jishin/Documents/Project/BetoajRecipe/venv/lib/python3.7/site-packages/django/contrib/admin/templatetags/admin_list.py", line 232, in items_for_result
    f, attr, value = lookup_field(field_name, result, cl.model_admin)
  File "/Users/jishin/Documents/Project/BetoajRecipe/venv/lib/python3.7/site-packages/django/contrib/admin/utils.py", line 275, in lookup_field
    value = attr()
  File "/Users/jishin/Documents/Project/BetoajRecipe/project/donate/models.py", line 11, in __str__
    return self.name
AttributeError: 'Donation' object has no attribute 'name'
[12/Apr/2020 07:33:14] ERROR [django.server:157] "GET /admin/donate/donation/ HTTP/1.1" 500 322062
[12/Apr/2020 07:35:51] INFO [django.utils.autoreload:222] /Users/jishin/Documents/Project/BetoajRecipe/project/donate/models.py changed, reloading.
[12/Apr/2020 07:35:52] INFO [django.utils.autoreload:598] Watching for file changes with StatReloader
[12/Apr/2020 07:36:02] INFO [django.server:157] "GET /admin/donate/donation/ HTTP/1.1" 200 13726
[12/Apr/2020 07:36:02] INFO [django.server:157] "GET /static/admin/css/changelists.css HTTP/1.1" 200 6190
[12/Apr/2020 07:36:02] INFO [django.server:157] "GET /static/admin/js/jquery.init.js HTTP/1.1" 200 363
[12/Apr/2020 07:36:02] INFO [django.server:157] "GET /static/admin/js/core.js HTTP/1.1" 200 5723
[12/Apr/2020 07:36:02] INFO [django.server:157] "GET /static/admin/js/admin/RelatedObjectLookups.js HTTP/1.1" 200 6918
[12/Apr/2020 07:36:02] INFO [django.server:157] "GET /static/admin/js/actions.js HTTP/1.1" 200 6766
[12/Apr/2020 07:36:02] INFO [django.server:157] "GET /static/admin/js/prepopulate.js HTTP/1.1" 200 1530
[12/Apr/2020 07:36:02] INFO [django.server:157] "GET /static/admin/js/urlify.js HTTP/1.1" 200 8941
[12/Apr/2020 07:36:02] INFO [django.server:157] "GET /static/admin/js/vendor/xregexp/xregexp.js HTTP/1.1" 200 128820
[12/Apr/2020 07:36:02] INFO [django.server:157] "GET /static/admin/js/vendor/jquery/jquery.js HTTP/1.1" 200 280364
[12/Apr/2020 07:36:02] INFO [django.server:157] "GET /admin/jsi18n/ HTTP/1.1" 200 3223
[12/Apr/2020 07:36:02] INFO [django.server:157] "GET /static/admin/img/tooltag-add.svg HTTP/1.1" 200 331
[12/Apr/2020 07:36:05] ERROR [django.request:228] Internal Server Error: /admin/donate/donation/1/change/
Traceback (most recent call last):
  File "/Users/jishin/Documents/Project/BetoajRecipe/venv/lib/python3.7/site-packages/django/core/handlers/exception.py", line 34, in inner
    response = get_response(request)
  File "/Users/jishin/Documents/Project/BetoajRecipe/venv/lib/python3.7/site-packages/django/core/handlers/base.py", line 145, in _get_response
    response = self.process_exception_by_middleware(e, request)
  File "/Users/jishin/Documents/Project/BetoajRecipe/venv/lib/python3.7/site-packages/django/core/handlers/base.py", line 143, in _get_response
    response = response.render()
  File "/Users/jishin/Documents/Project/BetoajRecipe/venv/lib/python3.7/site-packages/django/template/response.py", line 105, in render
    self.content = self.rendered_content
  File "/Users/jishin/Documents/Project/BetoajRecipe/venv/lib/python3.7/site-packages/django/template/response.py", line 83, in rendered_content
    return template.render(context, self._request)
  File "/Users/jishin/Documents/Project/BetoajRecipe/venv/lib/python3.7/site-packages/django/template/backends/django.py", line 61, in render
    return self.template.render(context)
  File "/Users/jishin/Documents/Project/BetoajRecipe/venv/lib/python3.7/site-packages/django/template/base.py", line 171, in render
    return self._render(context)
  File "/Users/jishin/Documents/Project/BetoajRecipe/venv/lib/python3.7/site-packages/django/test/utils.py", line 95, in instrumented_test_render
    return self.nodelist.render(context)
  File "/Users/jishin/Documents/Project/BetoajRecipe/venv/lib/python3.7/site-packages/django/template/base.py", line 936, in render
    bit = node.render_annotated(context)
  File "/Users/jishin/Documents/Project/BetoajRecipe/venv/lib/python3.7/site-packages/django/template/base.py", line 903, in render_annotated
    return self.render(context)
  File "/Users/jishin/Documents/Project/BetoajRecipe/venv/lib/python3.7/site-packages/django/template/loader_tags.py", line 150, in render
    return compiled_parent._render(context)
  File "/Users/jishin/Documents/Project/BetoajRecipe/venv/lib/python3.7/site-packages/django/test/utils.py", line 95, in instrumented_test_render
    return self.nodelist.render(context)
  File "/Users/jishin/Documents/Project/BetoajRecipe/venv/lib/python3.7/site-packages/django/template/base.py", line 936, in render
    bit = node.render_annotated(context)
  File "/Users/jishin/Documents/Project/BetoajRecipe/venv/lib/python3.7/site-packages/django/template/base.py", line 903, in render_annotated
    return self.render(context)
  File "/Users/jishin/Documents/Project/BetoajRecipe/venv/lib/python3.7/site-packages/django/template/loader_tags.py", line 150, in render
    return compiled_parent._render(context)
  File "/Users/jishin/Documents/Project/BetoajRecipe/venv/lib/python3.7/site-packages/django/test/utils.py", line 95, in instrumented_test_render
    return self.nodelist.render(context)
  File "/Users/jishin/Documents/Project/BetoajRecipe/venv/lib/python3.7/site-packages/django/template/base.py", line 936, in render
    bit = node.render_annotated(context)
  File "/Users/jishin/Documents/Project/BetoajRecipe/venv/lib/python3.7/site-packages/django/template/base.py", line 903, in render_annotated
    return self.render(context)
  File "/Users/jishin/Documents/Project/BetoajRecipe/venv/lib/python3.7/site-packages/django/template/defaulttags.py", line 309, in render
    return nodelist.render(context)
  File "/Users/jishin/Documents/Project/BetoajRecipe/venv/lib/python3.7/site-packages/django/template/base.py", line 936, in render
    bit = node.render_annotated(context)
  File "/Users/jishin/Documents/Project/BetoajRecipe/venv/lib/python3.7/site-packages/django/template/base.py", line 903, in render_annotated
    return self.render(context)
  File "/Users/jishin/Documents/Project/BetoajRecipe/venv/lib/python3.7/site-packages/django/template/loader_tags.py", line 62, in render
    result = block.nodelist.render(context)
  File "/Users/jishin/Documents/Project/BetoajRecipe/venv/lib/python3.7/site-packages/django/template/base.py", line 936, in render
    bit = node.render_annotated(context)
  File "/Users/jishin/Documents/Project/BetoajRecipe/venv/lib/python3.7/site-packages/django/template/base.py", line 903, in render_annotated
    return self.render(context)
  File "/Users/jishin/Documents/Project/BetoajRecipe/venv/lib/python3.7/site-packages/django/template/defaulttags.py", line 309, in render
    return nodelist.render(context)
  File "/Users/jishin/Documents/Project/BetoajRecipe/venv/lib/python3.7/site-packages/django/template/base.py", line 936, in render
    bit = node.render_annotated(context)
  File "/Users/jishin/Documents/Project/BetoajRecipe/venv/lib/python3.7/site-packages/django/template/base.py", line 903, in render_annotated
    return self.render(context)
  File "/Users/jishin/Documents/Project/BetoajRecipe/venv/lib/python3.7/site-packages/django/template/base.py", line 986, in render
    output = self.filter_expression.resolve(context)
  File "/Users/jishin/Documents/Project/BetoajRecipe/venv/lib/python3.7/site-packages/django/template/base.py", line 697, in resolve
    new_obj = func(obj, *arg_vals)
  File "/Users/jishin/Documents/Project/BetoajRecipe/venv/lib/python3.7/site-packages/django/template/defaultfilters.py", line 42, in _dec
    args[0] = str(args[0])
TypeError: __str__ returned non-string (type User)
[12/Apr/2020 07:36:05] ERROR [django.server:157] "GET /admin/donate/donation/1/change/ HTTP/1.1" 500 201576
[12/Apr/2020 07:38:25] INFO [django.utils.autoreload:222] /Users/jishin/Documents/Project/BetoajRecipe/project/donate/models.py changed, reloading.
[12/Apr/2020 07:38:26] INFO [django.utils.autoreload:598] Watching for file changes with StatReloader
[12/Apr/2020 07:38:32] INFO [django.server:157] "GET /admin/donate/donation/1/change/ HTTP/1.1" 200 15753
[12/Apr/2020 07:38:32] INFO [django.server:157] "GET /static/admin/css/forms.css HTTP/1.1" 200 8518
[12/Apr/2020 07:38:32] INFO [django.server:157] "GET /static/admin/js/calendar.js HTTP/1.1" 200 7777
[12/Apr/2020 07:38:32] INFO [django.server:157] "GET /static/admin/js/admin/DateTimeShortcuts.js HTTP/1.1" 200 20232
[12/Apr/2020 07:38:32] INFO [django.server:157] "GET /static/admin/js/change_form.js HTTP/1.1" 200 712
[12/Apr/2020 07:38:32] INFO [django.server:157] "GET /static/admin/css/widgets.css HTTP/1.1" 200 10322
[12/Apr/2020 07:38:32] INFO [django.server:157] "GET /static/admin/js/prepopulate_init.js HTTP/1.1" 200 495
[12/Apr/2020 07:38:32] INFO [django.server:157] "GET /admin/jsi18n/ HTTP/1.1" 200 3223
[12/Apr/2020 07:38:32] INFO [django.server:157] "GET /static/admin/img/icon-calendar.svg HTTP/1.1" 200 1086
[12/Apr/2020 07:38:32] INFO [django.server:157] "GET /static/admin/img/icon-clock.svg HTTP/1.1" 200 677
[12/Apr/2020 07:38:46] INFO [django.server:157] "GET /admin/donate/donation/ HTTP/1.1" 200 13739
[12/Apr/2020 07:38:46] INFO [django.server:157] "GET /admin/jsi18n/ HTTP/1.1" 200 3223
[12/Apr/2020 07:39:52] INFO [django.utils.autoreload:222] /Users/jishin/Documents/Project/BetoajRecipe/project/donate/views.py changed, reloading.
[12/Apr/2020 07:39:53] INFO [django.utils.autoreload:598] Watching for file changes with StatReloader
[12/Apr/2020 07:40:02] INFO [django.server:157] "GET /donation/ HTTP/1.1" 200 13268
[12/Apr/2020 07:40:02] INFO [django.server:157] "GET /static/js/app.js HTTP/1.1" 304 0
[12/Apr/2020 07:40:02] WARNING [django.server:157] "GET /static/css/bootstrap.min.css.map HTTP/1.1" 404 1701
[12/Apr/2020 07:40:02] INFO [django.server:157] "GET /donation/update_chart HTTP/1.1" 200 42
[12/Apr/2020 07:40:02] WARNING [django.server:157] "GET /static/js/popper.min.js.map HTTP/1.1" 404 1686
[12/Apr/2020 07:40:02] WARNING [django.server:157] "GET /static/js/bootstrap.min.js.map HTTP/1.1" 404 1695
[12/Apr/2020 07:43:01] INFO [django.server:157] "GET /donation/ HTTP/1.1" 200 13266
[12/Apr/2020 07:43:01] INFO [django.server:157] "GET /static/js/app.js HTTP/1.1" 200 4796
[12/Apr/2020 07:43:01] WARNING [django.server:157] "GET /static/js/popper.min.js.map HTTP/1.1" 404 1686
[12/Apr/2020 07:43:01] WARNING [django.server:157] "GET /static/js/bootstrap.min.js.map HTTP/1.1" 404 1695
[12/Apr/2020 07:43:01] INFO [django.server:157] "GET /donation/update_chart HTTP/1.1" 200 42
[12/Apr/2020 07:43:01] WARNING [django.server:157] "GET /static/css/bootstrap.min.css.map HTTP/1.1" 404 1701
[12/Apr/2020 07:45:23] INFO [django.server:157] "GET /donation/ HTTP/1.1" 200 13266
[12/Apr/2020 07:45:23] INFO [django.server:157] "GET /static/js/app.js HTTP/1.1" 200 4570
[12/Apr/2020 07:45:23] WARNING [django.server:157] "GET /static/js/bootstrap.min.js.map HTTP/1.1" 404 1695
[12/Apr/2020 07:45:23] WARNING [django.server:157] "GET /static/js/popper.min.js.map HTTP/1.1" 404 1686
[12/Apr/2020 07:45:23] INFO [django.server:157] "GET /donation/update_chart HTTP/1.1" 200 42
[12/Apr/2020 07:45:23] WARNING [django.server:157] "GET /static/css/bootstrap.min.css.map HTTP/1.1" 404 1701
[12/Apr/2020 07:46:01] INFO [django.server:157] "POST /donation/charge HTTP/1.1" 302 0
[12/Apr/2020 07:46:01] INFO [django.server:157] "GET /donation/success HTTP/1.1" 200 12299
[12/Apr/2020 07:46:01] INFO [django.server:157] "GET /static/js/app.js HTTP/1.1" 304 0
[12/Apr/2020 07:46:02] INFO [django.server:157] "GET /donation/ HTTP/1.1" 200 13266
[12/Apr/2020 07:46:03] INFO [django.server:157] "GET /donation/update_chart HTTP/1.1" 200 49
[12/Apr/2020 07:46:44] INFO [django.utils.autoreload:222] /Users/jishin/Documents/Project/BetoajRecipe/project/donate/views.py changed, reloading.
[12/Apr/2020 07:46:45] INFO [django.utils.autoreload:598] Watching for file changes with StatReloader
[12/Apr/2020 07:46:50] INFO [django.server:157] "GET /donation/ HTTP/1.1" 200 13268
[12/Apr/2020 07:46:50] INFO [django.server:157] "GET /static/js/app.js HTTP/1.1" 304 0
[12/Apr/2020 07:46:50] INFO [django.server:157] "GET /donation/update_chart HTTP/1.1" 200 41
[12/Apr/2020 07:47:06] INFO [django.utils.autoreload:222] /Users/jishin/Documents/Project/BetoajRecipe/project/donate/views.py changed, reloading.
[12/Apr/2020 07:47:06] INFO [django.utils.autoreload:598] Watching for file changes with StatReloader
[12/Apr/2020 07:49:58] INFO [django.utils.autoreload:222] /Users/jishin/Documents/Project/BetoajRecipe/project/donate/views.py changed, reloading.
[12/Apr/2020 07:49:59] INFO [django.utils.autoreload:598] Watching for file changes with StatReloader
[12/Apr/2020 07:50:03] INFO [django.server:157] "GET /donation/ HTTP/1.1" 200 13268
[12/Apr/2020 07:50:03] INFO [django.server:157] "GET /static/js/app.js HTTP/1.1" 304 0
[12/Apr/2020 07:50:03] INFO [django.server:157] "GET /donation/update_chart HTTP/1.1" 200 43
[12/Apr/2020 07:50:26] INFO [django.server:157] "POST /donation/charge HTTP/1.1" 302 0
[12/Apr/2020 07:50:26] INFO [django.server:157] "GET /donation/success HTTP/1.1" 200 12299
[12/Apr/2020 07:50:27] INFO [django.server:157] "GET /donation/ HTTP/1.1" 200 13266
[12/Apr/2020 07:50:28] INFO [django.server:157] "GET /donation/update_chart HTTP/1.1" 200 43
[12/Apr/2020 07:51:02] INFO [django.server:157] "GET /recipes/ HTTP/1.1" 200 20595
[12/Apr/2020 07:51:02] INFO [django.server:157] "GET /static/js/app.js HTTP/1.1" 304 0
